# JRE version: OpenJDK Runtime Environment Temurin-17.0.2+8 (17.0.2+8) (build 17.0.2+8)
# Java VM: OpenJDK 64-Bit Server VM Temurin-17.0.2+8 (17.0.2+8, mixed mode, tiered, compressed oops, compressed class ptrs, g1 gc, windows-amd64)
GC Precious Log:
 CPUs: 4 total, 4 available
 Memory: 8107M
 Large Page Support: Disabled
 NUMA Support: Disabled
 Compressed Oops: Enabled (32-bit)
 Heap Region Size: 1M
 Heap Min Capacity: 8M
 Heap Initial Capacity: 128M
 Heap Max Capacity: 2028M
 Pre-touch: Disabled
 Parallel Workers: 4
 Concurrent Workers: 1
 Concurrent Refinement Workers: 4
 Periodic GC: Disabled
Heap:
 garbage-first heap   total 122880K, used 66683K [0x0000000081400000, 0x0000000100000000)
  region size 1024K, 23 young (23552K), 6 survivors (6144K)
 Metaspace       used 73209K, committed 73600K, reserved 1114112K
  class space    used 9084K, committed 9280K, reserved 1048576K
GC Heap History (20 events):
Event: 12.402 GC heap before
{Heap before GC invocations=24 (full 0):
 garbage-first heap   total 84992K, used 70516K [0x0000000081400000, 0x0000000100000000)
  region size 1024K, 35 young (35840K), 3 survivors (3072K)
 Metaspace       used 47793K, committed 48128K, reserved 1097728K
  class space    used 5696K, committed 5888K, reserved 1048576K
}
Event: 12.405 GC heap after
{Heap after GC invocations=25 (full 0):
 garbage-first heap   total 102400K, used 38002K [0x0000000081400000, 0x0000000100000000)
  region size 1024K, 3 young (3072K), 3 survivors (3072K)
 Metaspace       used 47793K, committed 48128K, reserved 1097728K
  class space    used 5696K, committed 5888K, reserved 1048576K
}
Event: 13.108 GC heap before
{Heap before GC invocations=25 (full 0):
 garbage-first heap   total 102400K, used 87154K [0x0000000081400000, 0x0000000100000000)
  region size 1024K, 51 young (52224K), 3 survivors (3072K)
 Metaspace       used 47795K, committed 48128K, reserved 1097728K
  class space    used 5696K, committed 5888K, reserved 1048576K
}
Event: 13.113 GC heap after
{Heap after GC invocations=26 (full 0):
 garbage-first heap   total 102400K, used 39090K [0x0000000081400000, 0x0000000100000000)
  region size 1024K, 4 young (4096K), 4 survivors (4096K)
 Metaspace       used 47795K, committed 48128K, reserved 1097728K
  class space    used 5696K, committed 5888K, reserved 1048576K
}
Event: 13.711 GC heap before
{Heap before GC invocations=26 (full 0):
 garbage-first heap   total 102400K, used 86194K [0x0000000081400000, 0x0000000100000000)
  region size 1024K, 50 young (51200K), 4 survivors (4096K)
 Metaspace       used 47806K, committed 48192K, reserved 1097728K
  class space    used 5697K, committed 5888K, reserved 1048576K
}
Event: 13.716 GC heap after
{Heap after GC invocations=27 (full 0):
 garbage-first heap   total 102400K, used 40033K [0x0000000081400000, 0x0000000100000000)
  region size 1024K, 5 young (5120K), 5 survivors (5120K)
 Metaspace       used 47806K, committed 48192K, reserved 1097728K
  class space    used 5697K, committed 5888K, reserved 1048576K
}
Event: 14.194 GC heap before
{Heap before GC invocations=27 (full 0):
 garbage-first heap   total 102400K, used 86113K [0x0000000081400000, 0x0000000100000000)
  region size 1024K, 50 young (51200K), 5 survivors (5120K)
 Metaspace       used 47806K, committed 48192K, reserved 1097728K
  class space    used 5697K, committed 5888K, reserved 1048576K
}
Event: 14.199 GC heap after
{Heap after GC invocations=28 (full 0):
 garbage-first heap   total 102400K, used 39987K [0x0000000081400000, 0x0000000100000000)
  region size 1024K, 4 young (4096K), 4 survivors (4096K)
 Metaspace       used 47806K, committed 48192K, reserved 1097728K
  class space    used 5697K, committed 5888K, reserved 1048576K
}
Event: 14.569 GC heap before
{Heap before GC invocations=28 (full 0):
 garbage-first heap   total 102400K, used 87091K [0x0000000081400000, 0x0000000100000000)
  region size 1024K, 50 young (51200K), 4 survivors (4096K)
 Metaspace       used 47806K, committed 48192K, reserved 1097728K
  class space    used 5697K, committed 5888K, reserved 1048576K
}
Event: 14.576 GC heap after
{Heap after GC invocations=29 (full 0):
 garbage-first heap   total 102400K, used 39957K [0x0000000081400000, 0x0000000100000000)
  region size 1024K, 4 young (4096K), 4 survivors (4096K)
 Metaspace       used 47806K, committed 48192K, reserved 1097728K
  class space    used 5697K, committed 5888K, reserved 1048576K
}
Event: 15.015 GC heap before
{Heap before GC invocations=29 (full 0):
 garbage-first heap   total 102400K, used 87061K [0x0000000081400000, 0x0000000100000000)
  region size 1024K, 50 young (51200K), 4 survivors (4096K)
 Metaspace       used 47817K, committed 48192K, reserved 1097728K
  class space    used 5702K, committed 5888K, reserved 1048576K
}
Event: 15.021 GC heap after
{Heap after GC invocations=30 (full 0):
 garbage-first heap   total 102400K, used 40719K [0x0000000081400000, 0x0000000100000000)
  region size 1024K, 4 young (4096K), 4 survivors (4096K)
 Metaspace       used 47817K, committed 48192K, reserved 1097728K
  class space    used 5702K, committed 5888K, reserved 1048576K
}
Event: 15.585 GC heap before
{Heap before GC invocations=30 (full 0):
 garbage-first heap   total 102400K, used 87823K [0x0000000081400000, 0x0000000100000000)
  region size 1024K, 50 young (51200K), 4 survivors (4096K)
 Metaspace       used 49503K, committed 49856K, reserved 1097728K
  class space    used 6037K, committed 6208K, reserved 1048576K
}
Event: 15.592 GC heap after
{Heap after GC invocations=31 (full 0):
 garbage-first heap   total 122880K, used 41684K [0x0000000081400000, 0x0000000100000000)
  region size 1024K, 5 young (5120K), 5 survivors (5120K)
 Metaspace       used 49503K, committed 49856K, reserved 1097728K
  class space    used 6037K, committed 6208K, reserved 1048576K
}
Event: 18.124 GC heap before
{Heap before GC invocations=31 (full 0):
 garbage-first heap   total 122880K, used 79572K [0x0000000081400000, 0x0000000100000000)
  region size 1024K, 43 young (44032K), 5 survivors (5120K)
 Metaspace       used 60289K, committed 60608K, reserved 1105920K
  class space    used 7382K, committed 7552K, reserved 1048576K
}
Event: 18.134 GC heap after
{Heap after GC invocations=32 (full 0):
 garbage-first heap   total 122880K, used 45337K [0x0000000081400000, 0x0000000100000000)
  region size 1024K, 9 young (9216K), 9 survivors (9216K)
 Metaspace       used 60289K, committed 60608K, reserved 1105920K
  class space    used 7382K, committed 7552K, reserved 1048576K
}
Event: 19.586 GC heap before
{Heap before GC invocations=33 (full 0):
 garbage-first heap   total 122880K, used 99609K [0x0000000081400000, 0x0000000100000000)
  region size 1024K, 62 young (63488K), 9 survivors (9216K)
 Metaspace       used 67124K, committed 67520K, reserved 1114112K
  class space    used 8353K, committed 8512K, reserved 1048576K
}
Event: 19.600 GC heap after
{Heap after GC invocations=34 (full 0):
 garbage-first heap   total 122880K, used 47758K [0x0000000081400000, 0x0000000100000000)
  region size 1024K, 3 young (3072K), 3 survivors (3072K)
 Metaspace       used 67124K, committed 67520K, reserved 1114112K
  class space    used 8353K, committed 8512K, reserved 1048576K
}
Event: 22.473 GC heap before
{Heap before GC invocations=35 (full 0):
 garbage-first heap   total 122880K, used 102030K [0x0000000081400000, 0x0000000100000000)
  region size 1024K, 56 young (57344K), 3 survivors (3072K)
 Metaspace       used 72516K, committed 72896K, reserved 1114112K
  class space    used 9032K, committed 9216K, reserved 1048576K
}
Event: 22.482 GC heap after
{Heap after GC invocations=36 (full 0):
 garbage-first heap   total 122880K, used 50299K [0x0000000081400000, 0x0000000100000000)
  region size 1024K, 6 young (6144K), 6 survivors (6144K)
 Metaspace       used 72516K, committed 72896K, reserved 1114112K
  class space    used 9032K, committed 9216K, reserved 1048576K
}

